app/build/intermediates/manifest_merge_blame_file/debug/manifest-merger-blame-debug-report.txt
1<?xml version="1.0" encoding="utf-8"?>
2<manifest xmlns:android="http://schemas.android.com/apk/res/android"
3    package="com.example.trivia"
4    android:versionCode="1"
5    android:versionName="1.0" >
6
7    <uses-sdk
8        android:minSdkVersion="21"
8-->src\main\AndroidManifest.xml
9        android:targetSdkVersion="31" />
9-->src\main\AndroidManifest.xml
10
11    <application
11-->src\main\AndroidManifest.xml:5:5-44:19
12        android:allowBackup="true"
12-->src\main\AndroidManifest.xml:6:9-35
13        android:appComponentFactory="androidx.core.app.CoreComponentFactory"
13-->[androidx.core:core:1.6.0] AndroidManifest.xml:24:18-86
14        android:debuggable="true"
15        android:icon="@drawable/trivia_app_icon"
15-->src\main\AndroidManifest.xml:7:9-49
16        android:label="@string/app_name"
16-->src\main\AndroidManifest.xml:8:9-41
17        android:roundIcon="@drawable/trivia_app_icon"
17-->src\main\AndroidManifest.xml:9:9-54
18        android:supportsRtl="true"
18-->src\main\AndroidManifest.xml:10:9-35
19        android:testOnly="true"
20        android:theme="@style/Theme.Trivia" >
20-->src\main\AndroidManifest.xml:11:9-44
21        <activity
21-->src\main\AndroidManifest.xml:13:9-17:20
22            android:name="com.example.trivia.ActivityQuizHistory"
22-->src\main\AndroidManifest.xml:14:13-48
23            android:exported="true" >
23-->src\main\AndroidManifest.xml:15:13-36
24        </activity>
25        <activity
25-->src\main\AndroidManifest.xml:19:9-27:20
26            android:name="com.example.trivia.ActivitySplash"
26-->src\main\AndroidManifest.xml:20:13-43
27            android:exported="true" >
27-->src\main\AndroidManifest.xml:21:13-36
28            <intent-filter>
28-->src\main\AndroidManifest.xml:22:13-26:29
29                <action android:name="android.intent.action.MAIN" />
29-->src\main\AndroidManifest.xml:23:17-69
29-->src\main\AndroidManifest.xml:23:25-66
30
31                <category android:name="android.intent.category.LAUNCHER" />
31-->src\main\AndroidManifest.xml:25:17-77
31-->src\main\AndroidManifest.xml:25:27-74
32            </intent-filter>
33        </activity>
34        <activity
34-->src\main\AndroidManifest.xml:29:9-34:20
35            android:name="com.example.trivia.ActivityName"
35-->src\main\AndroidManifest.xml:30:13-41
36            android:exported="true" >
36-->src\main\AndroidManifest.xml:31:13-36
37        </activity>
38        <activity android:name="com.example.trivia.ActivityBestCricketer" >
38-->src\main\AndroidManifest.xml:35:9-37:20
38-->src\main\AndroidManifest.xml:35:19-56
39        </activity>
40        <activity android:name="com.example.trivia.ActivityFlagColor" >
40-->src\main\AndroidManifest.xml:38:9-40:20
40-->src\main\AndroidManifest.xml:38:19-52
41        </activity>
42        <activity android:name="com.example.trivia.ActivitySummary" >
42-->src\main\AndroidManifest.xml:41:9-43:20
42-->src\main\AndroidManifest.xml:41:19-50
43        </activity>
44
45        <service
45-->[androidx.room:room-runtime:2.3.0] AndroidManifest.xml:25:9-28:40
46            android:name="androidx.room.MultiInstanceInvalidationService"
46-->[androidx.room:room-runtime:2.3.0] AndroidManifest.xml:26:13-74
47            android:directBootAware="true"
47-->[androidx.room:room-runtime:2.3.0] AndroidManifest.xml:27:13-43
48            android:exported="false" />
48-->[androidx.room:room-runtime:2.3.0] AndroidManifest.xml:28:13-37
49    </application>
50
51</manifest>